<?xml version="1.0" encoding="UTF-8"?>
<robot generator="Robot 3.2.2 (Python 3.7.7 on win32)" generated="20200919 18:45:03.711" rpa="false">
<suite id="s1" name="Trello" source="C:\Users\HP\PycharmProjects\helsi_test\Tests\trello.robot">
<test id="s1-t1" name="1. Авторизоваться">
<kw name="Open Browser" library="SeleniumLibrary">
<doc>Opens a new browser instance to the optional ``url``.</doc>
<arguments>
<arg>https://trello.com/</arg>
<arg>chrome</arg>
</arguments>
<msg timestamp="20200919 18:45:04.364" level="INFO">Opening browser 'chrome' to base url 'https://trello.com/'.</msg>
<status status="PASS" starttime="20200919 18:45:04.363" endtime="20200919 18:45:12.546"></status>
</kw>
<kw name="Set Browser Implicit Wait" library="SeleniumLibrary">
<doc>Sets the implicit wait value used by Selenium.</doc>
<arguments>
<arg>10</arg>
</arguments>
<status status="PASS" starttime="20200919 18:45:12.548" endtime="20200919 18:45:12.552"></status>
</kw>
<kw name="Click Link" library="SeleniumLibrary">
<doc>Clicks a link identified by ``locator``.</doc>
<arguments>
<arg>link:Войти</arg>
</arguments>
<msg timestamp="20200919 18:45:12.554" level="INFO">Clicking link 'link:Войти'.</msg>
<status status="PASS" starttime="20200919 18:45:12.553" endtime="20200919 18:45:13.389"></status>
</kw>
<kw name="Input Text" library="SeleniumLibrary">
<doc>Types the given ``text`` into the text field identified by ``locator``.</doc>
<arguments>
<arg>id:user</arg>
<arg>${email}</arg>
</arguments>
<msg timestamp="20200919 18:45:13.391" level="INFO">Typing text 'up2dmas@gmail.com' into text field 'id:user'.</msg>
<status status="PASS" starttime="20200919 18:45:13.390" endtime="20200919 18:45:15.623"></status>
</kw>
<kw name="Input Text" library="SeleniumLibrary">
<doc>Types the given ``text`` into the text field identified by ``locator``.</doc>
<arguments>
<arg>id:password</arg>
<arg>${password}</arg>
</arguments>
<msg timestamp="20200919 18:45:15.626" level="INFO">Typing text 'xdcbgynj' into text field 'id:password'.</msg>
<status status="PASS" starttime="20200919 18:45:15.625" endtime="20200919 18:45:16.020"></status>
</kw>
<kw name="Click Element" library="SeleniumLibrary">
<doc>Click the element identified by ``locator``.</doc>
<arguments>
<arg>id:login</arg>
</arguments>
<msg timestamp="20200919 18:45:16.022" level="INFO">Clicking element 'id:login'.</msg>
<status status="PASS" starttime="20200919 18:45:16.021" endtime="20200919 18:45:16.294"></status>
</kw>
<kw name="Wait Until Element Contains" library="SeleniumLibrary">
<doc>Waits until the element ``locator`` contains ``text``.</doc>
<arguments>
<arg>//div[@title='${userid}']//span</arg>
<arg>ДЛ</arg>
<arg>timeout=10</arg>
</arguments>
<status status="PASS" starttime="20200919 18:45:16.295" endtime="20200919 18:45:25.108"></status>
</kw>
<status status="PASS" starttime="20200919 18:45:04.360" endtime="20200919 18:45:25.110" critical="yes"></status>
</test>
<test id="s1-t2" name="2. Создать новую доску с произвольным новым наименованием">
<kw name="Click Element" library="SeleniumLibrary">
<doc>Click the element identified by ``locator``.</doc>
<arguments>
<arg>//div[@class='board-tile mod-add'][contains(., "Создать доску")]</arg>
</arguments>
<msg timestamp="20200919 18:45:25.119" level="INFO">Clicking element '//div[@class='board-tile mod-add'][contains(., "Создать доску")]'.</msg>
<status status="PASS" starttime="20200919 18:45:25.117" endtime="20200919 18:45:26.003"></status>
</kw>
<kw name="Input Text" library="SeleniumLibrary">
<doc>Types the given ``text`` into the text field identified by ``locator``.</doc>
<arguments>
<arg>//input[@placeholder='Добавить заголовок доски']</arg>
<arg>${deskname}</arg>
</arguments>
<msg timestamp="20200919 18:45:26.006" level="INFO">Typing text 'NewDesk' into text field '//input[@placeholder='Добавить заголовок доски']'.</msg>
<status status="PASS" starttime="20200919 18:45:26.004" endtime="20200919 18:45:26.375"></status>
</kw>
<kw name="Click Element" library="SeleniumLibrary">
<doc>Click the element identified by ``locator``.</doc>
<arguments>
<arg>//button[@class='button primary']//span[contains(., "Создать доску")]</arg>
</arguments>
<msg timestamp="20200919 18:45:26.378" level="INFO">Clicking element '//button[@class='button primary']//span[contains(., "Создать доску")]'.</msg>
<status status="PASS" starttime="20200919 18:45:26.377" endtime="20200919 18:45:26.632"></status>
</kw>
<status status="PASS" starttime="20200919 18:45:25.114" endtime="20200919 18:45:26.634" critical="yes"></status>
</test>
<test id="s1-t3" name="3. Перейти к доске">
<kw name="Page Should Contain" library="SeleniumLibrary">
<doc>Verifies that current page contains ``text``.</doc>
<arguments>
<arg>${deskname}</arg>
</arguments>
<msg timestamp="20200919 18:45:27.162" level="INFO">Current page contains text 'NewDesk'.</msg>
<status status="PASS" starttime="20200919 18:45:26.639" endtime="20200919 18:45:27.162"></status>
</kw>
<status status="PASS" starttime="20200919 18:45:26.637" endtime="20200919 18:45:27.165" critical="yes"></status>
</test>
<test id="s1-t4" name="4. Создать новую карточку с произвольным наименованием и описанием">
<kw name="Input Text" library="SeleniumLibrary">
<doc>Types the given ``text`` into the text field identified by ``locator``.</doc>
<arguments>
<arg>//textarea[@placeholder='Ввести заголовок для этой карточки']</arg>
<arg>${cardname}</arg>
</arguments>
<msg timestamp="20200919 18:45:27.175" level="INFO">Typing text 'NewCard' into text field '//textarea[@placeholder='Ввести заголовок для этой карточки']'.</msg>
<status status="PASS" starttime="20200919 18:45:27.174" endtime="20200919 18:45:29.866"></status>
</kw>
<kw name="Click Element" library="SeleniumLibrary">
<doc>Click the element identified by ``locator``.</doc>
<arguments>
<arg>//input[@class='primary confirm mod-compact js-add-card']</arg>
</arguments>
<msg timestamp="20200919 18:45:29.868" level="INFO">Clicking element '//input[@class='primary confirm mod-compact js-add-card']'.</msg>
<status status="PASS" starttime="20200919 18:45:29.867" endtime="20200919 18:45:30.202"></status>
</kw>
<kw name="Click Element" library="SeleniumLibrary">
<doc>Click the element identified by ``locator``.</doc>
<arguments>
<arg>//input[@value='Добавить карточку']</arg>
</arguments>
<msg timestamp="20200919 18:45:30.204" level="INFO">Clicking element '//input[@value='Добавить карточку']'.</msg>
<status status="PASS" starttime="20200919 18:45:30.204" endtime="20200919 18:45:30.622"></status>
</kw>
<status status="PASS" starttime="20200919 18:45:27.171" endtime="20200919 18:45:30.623" critical="yes"></status>
</test>
<test id="s1-t5" name="5. Перенести карточку в другую колонку">
<kw name="Drag And Drop" library="SeleniumLibrary">
<doc>Drags the element identified by ``locator`` into the ``target`` element.</doc>
<arguments>
<arg>//div[@class='list-card-details js-card-details']//span[contains(., "${cardname}")]</arg>
<arg>//body/div[@id='trello-root']/div[@id='chrome-container']/div/div[@id='surface']/main[@id='popover-boundary']/div[@id='content']/div/div/div/div[@id='board']/div[2]/div[1]/div[2]</arg>
</arguments>
<status status="PASS" starttime="20200919 18:45:30.629" endtime="20200919 18:45:31.564"></status>
</kw>
<kw name="Capture Page Screenshot" library="SeleniumLibrary">
<doc>Takes a screenshot of the current page and embeds it into a log file.</doc>
<msg timestamp="20200919 18:45:33.477" level="INFO" html="yes">&lt;/td&gt;&lt;/tr&gt;&lt;tr&gt;&lt;td colspan="3"&gt;&lt;a href="selenium-screenshot-1.png"&gt;&lt;img src="selenium-screenshot-1.png" width="800px"&gt;&lt;/a&gt;</msg>
<status status="PASS" starttime="20200919 18:45:31.565" endtime="20200919 18:45:33.477"></status>
</kw>
<status status="PASS" starttime="20200919 18:45:30.626" endtime="20200919 18:45:33.479" critical="yes"></status>
</test>
<test id="s1-t6" name="6. Архивировать карточку">
<kw name="Click Element" library="SeleniumLibrary">
<doc>Click the element identified by ``locator``.</doc>
<arguments>
<arg>//div[@class='list-card-details js-card-details']//span[contains(., "${cardname}")]</arg>
</arguments>
<msg timestamp="20200919 18:45:33.486" level="INFO">Clicking element '//div[@class='list-card-details js-card-details']//span[contains(., "NewCard")]'.</msg>
<status status="PASS" starttime="20200919 18:45:33.485" endtime="20200919 18:45:33.725"></status>
</kw>
<kw name="Page Should Contain" library="SeleniumLibrary">
<doc>Verifies that current page contains ``text``.</doc>
<arguments>
<arg>Архивация</arg>
</arguments>
<msg timestamp="20200919 18:45:34.834" level="INFO">Current page contains text 'Архивация'.</msg>
<status status="PASS" starttime="20200919 18:45:33.726" endtime="20200919 18:45:34.835"></status>
</kw>
<kw name="Click Element" library="SeleniumLibrary">
<doc>Click the element identified by ``locator``.</doc>
<arguments>
<arg>//div[@class='u-clearfix']//a[@title='Архивация']</arg>
</arguments>
<msg timestamp="20200919 18:45:34.837" level="INFO">Clicking element '//div[@class='u-clearfix']//a[@title='Архивация']'.</msg>
<status status="PASS" starttime="20200919 18:45:34.836" endtime="20200919 18:45:35.170"></status>
</kw>
<kw name="Page Should Contain" library="SeleniumLibrary">
<doc>Verifies that current page contains ``text``.</doc>
<arguments>
<arg>Архивная карточка.</arg>
</arguments>
<msg timestamp="20200919 18:45:35.262" level="INFO">Current page contains text 'Архивная карточка.'.</msg>
<status status="PASS" starttime="20200919 18:45:35.171" endtime="20200919 18:45:35.263"></status>
</kw>
<kw name="Close Browser" library="SeleniumLibrary">
<doc>Closes the current browser.</doc>
<status status="PASS" starttime="20200919 18:45:35.265" endtime="20200919 18:45:37.572"></status>
</kw>
<status status="PASS" starttime="20200919 18:45:33.483" endtime="20200919 18:45:37.573" critical="yes"></status>
</test>
<doc>Тестовое задание на позицию Junior QA Automation Engineer (Лебедь Дмитрий)</doc>
<status status="PASS" starttime="20200919 18:45:03.715" endtime="20200919 18:45:37.579"></status>
</suite>
<statistics>
<total>
<stat pass="6" fail="0">Critical Tests</stat>
<stat pass="6" fail="0">All Tests</stat>
</total>
<tag>
</tag>
<suite>
<stat pass="6" fail="0" id="s1" name="Trello">Trello</stat>
</suite>
</statistics>
<errors>
</errors>
</robot>
